<?xml version="1.0" encoding="UTF-8"?>
<!-- Generated by org.testng.reporters.JUnitReportReporter -->
<testsuite hostname="DESKTOP-VCUO1HO" failures="0" tests="3" name="testRunner.TestRunnerDevelopment" time="73.073" errors="0" timestamp="2024-03-31T12:25:14 IST" skipped="0">
  <testcase classname="testRunner.TestRunnerDevelopment" name="runScenario" time="23.328"/>
  <testcase classname="testRunner.TestRunnerDevelopment" name="runScenario" time="24.501"/>
  <testcase classname="testRunner.TestRunnerDevelopment" name="runScenario" time="25.244"/>
</testsuite> <!-- testRunner.TestRunnerDevelopment -->
